0 info it worked if it ends with ok
1 verbose cli [ '/usr/bin/node', '/usr/bin/npm', 'install', 'method-verride' ]
2 info using npm@1.4.28
3 info using node@v0.10.33
4 verbose node symlink /usr/bin/node
5 verbose readDependencies using package.json deps
6 verbose cache add [ 'method-verride', null ]
7 verbose cache add name=undefined spec="method-verride" args=["method-verride",null]
8 verbose parsed url { protocol: null,
8 verbose parsed url   slashes: null,
8 verbose parsed url   auth: null,
8 verbose parsed url   host: null,
8 verbose parsed url   port: null,
8 verbose parsed url   hostname: null,
8 verbose parsed url   hash: null,
8 verbose parsed url   search: null,
8 verbose parsed url   query: null,
8 verbose parsed url   pathname: 'method-verride',
8 verbose parsed url   path: 'method-verride',
8 verbose parsed url   href: 'method-verride' }
9 silly lockFile 09ac3333-method-verride method-verride
10 verbose lock method-verride /home/dan/.npm/09ac3333-method-verride.lock
11 silly lockFile 09ac3333-method-verride method-verride
12 silly lockFile 09ac3333-method-verride method-verride
13 verbose addNamed [ 'method-verride', '' ]
14 verbose addNamed [ null, '*' ]
15 silly lockFile 32a1a46f-method-verride method-verride@
16 verbose lock method-verride@ /home/dan/.npm/32a1a46f-method-verride.lock
17 silly addNameRange { name: 'method-verride', range: '*', hasData: false }
18 verbose request where is /method-verride
19 verbose request registry https://registry.npmjs.org/
20 verbose request id 701aca73ac050c85
21 verbose url raw /method-verride
22 verbose url resolving [ 'https://registry.npmjs.org/', './method-verride' ]
23 verbose url resolved https://registry.npmjs.org/method-verride
24 verbose request where is https://registry.npmjs.org/method-verride
25 info trying registry request attempt 1 at 07:47:04
26 http GET https://registry.npmjs.org/method-verride
27 http 404 https://registry.npmjs.org/method-verride
28 verbose headers { date: 'Fri, 27 Feb 2015 14:47:04 GMT',
28 verbose headers   server: 'CouchDB/1.6.1 (Erlang OTP/R14B04)',
28 verbose headers   'content-type': 'application/json',
28 verbose headers   'cache-control': 'max-age=0',
28 verbose headers   'content-length': '52',
28 verbose headers   'accept-ranges': 'bytes',
28 verbose headers   via: '1.1 varnish',
28 verbose headers   age: '0',
28 verbose headers   'x-served-by': 'cache-sjc3128-SJC',
28 verbose headers   'x-cache': 'MISS',
28 verbose headers   'x-cache-hits': '0',
28 verbose headers   'x-timer': 'S1425048424.475096,VS0,VE91',
28 verbose headers   'keep-alive': 'timeout=10, max=50',
28 verbose headers   connection: 'Keep-Alive' }
29 silly registry.get cb [ 404,
29 silly registry.get   { date: 'Fri, 27 Feb 2015 14:47:04 GMT',
29 silly registry.get     server: 'CouchDB/1.6.1 (Erlang OTP/R14B04)',
29 silly registry.get     'content-type': 'application/json',
29 silly registry.get     'cache-control': 'max-age=0',
29 silly registry.get     'content-length': '52',
29 silly registry.get     'accept-ranges': 'bytes',
29 silly registry.get     via: '1.1 varnish',
29 silly registry.get     age: '0',
29 silly registry.get     'x-served-by': 'cache-sjc3128-SJC',
29 silly registry.get     'x-cache': 'MISS',
29 silly registry.get     'x-cache-hits': '0',
29 silly registry.get     'x-timer': 'S1425048424.475096,VS0,VE91',
29 silly registry.get     'keep-alive': 'timeout=10, max=50',
29 silly registry.get     connection: 'Keep-Alive' } ]
30 silly lockFile 32a1a46f-method-verride method-verride@
31 silly lockFile 32a1a46f-method-verride method-verride@
32 error 404 404 Not Found: method-verride
32 error 404
32 error 404 'method-verride' is not in the npm registry.
32 error 404 You should bug the author to publish it
32 error 404
32 error 404 Note that you can also install from a
32 error 404 tarball, folder, or http url, or git url.
33 error System Linux 3.16.0-30-generic
34 error command "/usr/bin/node" "/usr/bin/npm" "install" "method-verride"
35 error cwd /node/code
36 error node -v v0.10.33
37 error npm -v 1.4.28
38 error code E404
39 verbose exit [ 1, true ]
